# JRE version: Java(TM) SE Runtime Environment (17.0.1+12) (build 17.0.1+12-LTS-39)
# Java VM: Java HotSpot(TM) 64-Bit Server VM (17.0.1+12-LTS-39, mixed mode, sharing, tiered, compressed oops, compressed class ptrs, g1 gc, windows-amd64)
GC Precious Log:
 CPUs: 8 total, 8 available
 Memory: 8092M
 Large Page Support: Disabled
 NUMA Support: Disabled
 Compressed Oops: Enabled (32-bit)
 Heap Region Size: 1M
 Heap Min Capacity: 8M
 Heap Initial Capacity: 128M
 Heap Max Capacity: 2024M
 Pre-touch: Disabled
 Parallel Workers: 8
 Concurrent Workers: 2
 Concurrent Refinement Workers: 8
 Periodic GC: Disabled
Heap:
 garbage-first heap   total 40960K, used 22946K [0x0000000081800000, 0x0000000100000000)
  region size 1024K, 6 young (6144K), 1 survivors (1024K)
 Metaspace       used 39720K, committed 40192K, reserved 1089536K
  class space    used 4773K, committed 4992K, reserved 1048576K
GC Heap History (20 events):
Event: 1952.483 GC heap before
{Heap before GC invocations=127 (full 0):
 garbage-first heap   total 40960K, used 34158K [0x0000000081800000, 0x0000000100000000)
  region size 1024K, 16 young (16384K), 1 survivors (1024K)
 Metaspace       used 39720K, committed 40192K, reserved 1089536K
  class space    used 4773K, committed 4992K, reserved 1048576K
}
Event: 1952.484 GC heap after
{Heap after GC invocations=128 (full 0):
 garbage-first heap   total 40960K, used 18824K [0x0000000081800000, 0x0000000100000000)
  region size 1024K, 1 young (1024K), 1 survivors (1024K)
 Metaspace       used 39720K, committed 40192K, reserved 1089536K
  class space    used 4773K, committed 4992K, reserved 1048576K
}
Event: 1952.725 GC heap before
{Heap before GC invocations=128 (full 0):
 garbage-first heap   total 40960K, used 34184K [0x0000000081800000, 0x0000000100000000)
  region size 1024K, 16 young (16384K), 1 survivors (1024K)
 Metaspace       used 39720K, committed 40192K, reserved 1089536K
  class space    used 4773K, committed 4992K, reserved 1048576K
}
Event: 1952.726 GC heap after
{Heap after GC invocations=129 (full 0):
 garbage-first heap   total 40960K, used 18809K [0x0000000081800000, 0x0000000100000000)
  region size 1024K, 1 young (1024K), 1 survivors (1024K)
 Metaspace       used 39720K, committed 40192K, reserved 1089536K
  class space    used 4773K, committed 4992K, reserved 1048576K
}
Event: 1952.992 GC heap before
{Heap before GC invocations=130 (full 0):
 garbage-first heap   total 40960K, used 34169K [0x0000000081800000, 0x0000000100000000)
  region size 1024K, 16 young (16384K), 1 survivors (1024K)
 Metaspace       used 39720K, committed 40192K, reserved 1089536K
  class space    used 4773K, committed 4992K, reserved 1048576K
}
Event: 1952.993 GC heap after
{Heap after GC invocations=131 (full 0):
 garbage-first heap   total 40960K, used 18846K [0x0000000081800000, 0x0000000100000000)
  region size 1024K, 1 young (1024K), 1 survivors (1024K)
 Metaspace       used 39720K, committed 40192K, reserved 1089536K
  class space    used 4773K, committed 4992K, reserved 1048576K
}
Event: 1953.390 GC heap before
{Heap before GC invocations=131 (full 0):
 garbage-first heap   total 40960K, used 34206K [0x0000000081800000, 0x0000000100000000)
  region size 1024K, 16 young (16384K), 1 survivors (1024K)
 Metaspace       used 39720K, committed 40192K, reserved 1089536K
  class space    used 4773K, committed 4992K, reserved 1048576K
}
Event: 1953.391 GC heap after
{Heap after GC invocations=132 (full 0):
 garbage-first heap   total 40960K, used 18795K [0x0000000081800000, 0x0000000100000000)
  region size 1024K, 1 young (1024K), 1 survivors (1024K)
 Metaspace       used 39720K, committed 40192K, reserved 1089536K
  class space    used 4773K, committed 4992K, reserved 1048576K
}
Event: 1954.127 GC heap before
{Heap before GC invocations=133 (full 0):
 garbage-first heap   total 40960K, used 34155K [0x0000000081800000, 0x0000000100000000)
  region size 1024K, 16 young (16384K), 1 survivors (1024K)
 Metaspace       used 39720K, committed 40192K, reserved 1089536K
  class space    used 4773K, committed 4992K, reserved 1048576K
}
Event: 1954.128 GC heap after
{Heap after GC invocations=134 (full 0):
 garbage-first heap   total 40960K, used 18809K [0x0000000081800000, 0x0000000100000000)
  region size 1024K, 1 young (1024K), 1 survivors (1024K)
 Metaspace       used 39720K, committed 40192K, reserved 1089536K
  class space    used 4773K, committed 4992K, reserved 1048576K
}
Event: 1954.796 GC heap before
{Heap before GC invocations=134 (full 0):
 garbage-first heap   total 40960K, used 34169K [0x0000000081800000, 0x0000000100000000)
  region size 1024K, 16 young (16384K), 1 survivors (1024K)
 Metaspace       used 39720K, committed 40192K, reserved 1089536K
  class space    used 4773K, committed 4992K, reserved 1048576K
}
Event: 1954.797 GC heap after
{Heap after GC invocations=135 (full 0):
 garbage-first heap   total 40960K, used 18819K [0x0000000081800000, 0x0000000100000000)
  region size 1024K, 1 young (1024K), 1 survivors (1024K)
 Metaspace       used 39720K, committed 40192K, reserved 1089536K
  class space    used 4773K, committed 4992K, reserved 1048576K
}
Event: 1955.556 GC heap before
{Heap before GC invocations=136 (full 0):
 garbage-first heap   total 40960K, used 34179K [0x0000000081800000, 0x0000000100000000)
  region size 1024K, 16 young (16384K), 1 survivors (1024K)
 Metaspace       used 39720K, committed 40192K, reserved 1089536K
  class space    used 4773K, committed 4992K, reserved 1048576K
}
Event: 1955.558 GC heap after
{Heap after GC invocations=137 (full 0):
 garbage-first heap   total 40960K, used 18821K [0x0000000081800000, 0x0000000100000000)
  region size 1024K, 1 young (1024K), 1 survivors (1024K)
 Metaspace       used 39720K, committed 40192K, reserved 1089536K
  class space    used 4773K, committed 4992K, reserved 1048576K
}
Event: 1956.212 GC heap before
{Heap before GC invocations=137 (full 0):
 garbage-first heap   total 40960K, used 34181K [0x0000000081800000, 0x0000000100000000)
  region size 1024K, 16 young (16384K), 1 survivors (1024K)
 Metaspace       used 39720K, committed 40192K, reserved 1089536K
  class space    used 4773K, committed 4992K, reserved 1048576K
}
Event: 1956.213 GC heap after
{Heap after GC invocations=138 (full 0):
 garbage-first heap   total 40960K, used 18881K [0x0000000081800000, 0x0000000100000000)
  region size 1024K, 1 young (1024K), 1 survivors (1024K)
 Metaspace       used 39720K, committed 40192K, reserved 1089536K
  class space    used 4773K, committed 4992K, reserved 1048576K
}
Event: 1956.625 GC heap before
{Heap before GC invocations=139 (full 0):
 garbage-first heap   total 40960K, used 34241K [0x0000000081800000, 0x0000000100000000)
  region size 1024K, 16 young (16384K), 1 survivors (1024K)
 Metaspace       used 39720K, committed 40192K, reserved 1089536K
  class space    used 4773K, committed 4992K, reserved 1048576K
}
Event: 1956.626 GC heap after
{Heap after GC invocations=140 (full 0):
 garbage-first heap   total 40960K, used 18873K [0x0000000081800000, 0x0000000100000000)
  region size 1024K, 1 young (1024K), 1 survivors (1024K)
 Metaspace       used 39720K, committed 40192K, reserved 1089536K
  class space    used 4773K, committed 4992K, reserved 1048576K
}
Event: 1956.809 GC heap before
{Heap before GC invocations=140 (full 0):
 garbage-first heap   total 40960K, used 34233K [0x0000000081800000, 0x0000000100000000)
  region size 1024K, 16 young (16384K), 1 survivors (1024K)
 Metaspace       used 39720K, committed 40192K, reserved 1089536K
  class space    used 4773K, committed 4992K, reserved 1048576K
}
Event: 1956.810 GC heap after
{Heap after GC invocations=141 (full 0):
 garbage-first heap   total 40960K, used 18850K [0x0000000081800000, 0x0000000100000000)
  region size 1024K, 1 young (1024K), 1 survivors (1024K)
 Metaspace       used 39720K, committed 40192K, reserved 1089536K
  class space    used 4773K, committed 4992K, reserved 1048576K
}

